[20:15:13 2017/12/19] 10 duen departamentuaren izena=[INFORMATIKA] baliora aldatu da.
[20:15:13 2017/12/19] 20 duen departamentua ondo aldatu da DBan.
[20:15:13 2017/12/19] 30 duen departamentuaren kokapena=[IRUN] baliora aldatu da.
[20:15:13 2017/12/19] 40 duen departamentuaren kokapena=[DONOSTIA] baliora aldatu da.
[20:15:13 2017/12/19] 50 duen departamentuaren izena=[INFORMATIKA] baliora aldatu da.
[20:15:13 2017/12/19] Aldaketa gabeko lerroa:|60|        |         |
[20:15:13 2017/12/19] Aldaketa gabeko lerroa:|70|        |         |
[20:15:13 2017/12/19] Aldaketa gabeko lerroa:|80|        |         |
[20:15:13 2017/12/19] 100 duen departamentua ondo aldatu da DBan.
[20:15:13 2017/12/19] 150 duen departamentua ez dago DBan beraz ezin da aldatu.
[20:18:30 2017/12/19] 10 duen departamentuaren izena=[INFORMATIKA] baliora aldatu da.
[20:18:30 2017/12/19] 20 duen departamentua ondo aldatu da DBan.
[20:18:30 2017/12/19] 30 duen departamentuaren kokapena=[IRUN] baliora aldatu da.
[20:18:30 2017/12/19] 40 duen departamentuaren kokapena=[DONOSTIA] baliora aldatu da.
[20:18:30 2017/12/19] 50 duen departamentuaren izena=[INFORMATIKA] baliora aldatu da.
[20:18:30 2017/12/19] Aldaketa gabeko lerroa:|60|        |         |
[20:18:30 2017/12/19] Aldaketa gabeko lerroa:|70|        |         |
[20:18:30 2017/12/19] Aldaketa gabeko lerroa:|80|        |         |
[20:18:30 2017/12/19] 100 duen departamentua ondo aldatu da DBan.
[20:18:30 2017/12/19] 150 duen departamentua ez dago DBan beraz ezin da aldatu.
